4/15/2020 4:22:59 PM	This log contains information about the import schema operation into project 'FortuneProject' on computer 'DESKTOP-R74C0EC' by user 'vivek'.
4/15/2020 4:23:00 PM	Import of database schema has started.
4/15/2020 4:23:01 PM	Gathering database credentials
4/15/2020 4:23:01 PM	Gathering database options
4/15/2020 4:23:01 PM	Gathering generic database scoped configuration option
4/15/2020 4:23:01 PM	Gathering users
4/15/2020 4:23:01 PM	Gathering roles
4/15/2020 4:23:01 PM	Gathering application roles
4/15/2020 4:23:01 PM	Gathering role memberships
4/15/2020 4:23:01 PM	Gathering filegroups
4/15/2020 4:23:01 PM	Gathering full-text catalogs
4/15/2020 4:23:01 PM	Gathering assemblies
4/15/2020 4:23:01 PM	Gathering certificates
4/15/2020 4:23:01 PM	Gathering asymmetric keys
4/15/2020 4:23:01 PM	Gathering symmetric keys
4/15/2020 4:23:01 PM	Gathering encrypted symmetric keys
4/15/2020 4:23:01 PM	Gathering schemas
4/15/2020 4:23:01 PM	Gathering XML schema collections
4/15/2020 4:23:01 PM	Gathering user-defined data types
4/15/2020 4:23:01 PM	Gathering user-defined types
4/15/2020 4:23:01 PM	Gathering table types
4/15/2020 4:23:01 PM	Gathering unique keys for table types
4/15/2020 4:23:01 PM	Gathering primary keys for table types
4/15/2020 4:23:01 PM	Gathering indexes for table types
4/15/2020 4:23:01 PM	Gathering check constraints for table types
4/15/2020 4:23:01 PM	Gathering default constraints for table types
4/15/2020 4:23:01 PM	Gathering partition functions
4/15/2020 4:23:01 PM	Gathering partition schemes
4/15/2020 4:23:01 PM	Gathering functions
4/15/2020 4:23:01 PM	Gathering encrypted functions
4/15/2020 4:23:01 PM	Gathering aggregates
4/15/2020 4:23:01 PM	Gathering procedures
4/15/2020 4:23:02 PM	Gathering encrypted procedures
4/15/2020 4:23:02 PM	Gathering tables
4/15/2020 4:23:02 PM	Gathering primary keys
4/15/2020 4:23:02 PM	Gathering unique constraints
4/15/2020 4:23:02 PM	Gathering foreign keys
4/15/2020 4:23:02 PM	Gathering default constraints
4/15/2020 4:23:02 PM	Gathering check constraints
4/15/2020 4:23:02 PM	Gathering views
4/15/2020 4:23:02 PM	Gathering encrypted views
4/15/2020 4:23:02 PM	Gathering indexes
4/15/2020 4:23:02 PM	Gathering statistics
4/15/2020 4:23:02 PM	Gathering full-text index stoplists
4/15/2020 4:23:02 PM	Gathering search property lists
4/15/2020 4:23:02 PM	Gathering search properties
4/15/2020 4:23:02 PM	Gathering full-text indexes
4/15/2020 4:23:02 PM	Gathering column store indexes
4/15/2020 4:23:02 PM	Gathering spatial indexes
4/15/2020 4:23:02 PM	Gathering XML indexes
4/15/2020 4:23:02 PM	Gathering Selective XML indexes
4/15/2020 4:23:02 PM	Gathering encrypted triggers
4/15/2020 4:23:02 PM	Gathering triggers
4/15/2020 4:23:02 PM	Gathering encrypted and clr ddl triggers
4/15/2020 4:23:02 PM	Gathering ddl triggers
4/15/2020 4:23:02 PM	Creating edge constraints
4/15/2020 4:23:02 PM	Gathering synonyms
4/15/2020 4:23:02 PM	Gathering defaults
4/15/2020 4:23:02 PM	Gathering data constraint uddt bindings
4/15/2020 4:23:02 PM	Gathering rules
4/15/2020 4:23:02 PM	Gathering data constraint uddt bindings
4/15/2020 4:23:02 PM	Gathering message types
4/15/2020 4:23:02 PM	Gathering queues
4/15/2020 4:23:02 PM	Gathering contracts
4/15/2020 4:23:02 PM	Gathering services
4/15/2020 4:23:02 PM	Gathering event notifications
4/15/2020 4:23:02 PM	Gathering remote service bindings
4/15/2020 4:23:02 PM	Gathering broker priorities
4/15/2020 4:23:02 PM	Gathering signatures
4/15/2020 4:23:02 PM	Gathering data compression options
4/15/2020 4:23:02 PM	Gathering sequence types
4/15/2020 4:23:02 PM	Gathering security policies
4/15/2020 4:23:02 PM	Gather column encryption keys
4/15/2020 4:23:02 PM	Gathering column master keys
4/15/2020 4:23:02 PM	Gathering external data sources
4/15/2020 4:23:02 PM	Gathering external file formats
4/15/2020 4:23:02 PM	Gathering external tables
4/15/2020 4:23:02 PM	Gathering database permissions
4/15/2020 4:23:03 PM	Gathering extended properties
4/15/2020 4:23:03 PM	Gathering credentials
4/15/2020 4:23:03 PM	Gathering logins
4/15/2020 4:23:03 PM	Gathering server audits
4/15/2020 4:23:04 PM	Scanning project for duplicate elements
4/15/2020 4:23:05 PM	Finished duplicate element processing
4/15/2020 4:23:05 PM	Finished importing database.
4/15/2020 4:23:05 PM	A summary of the import was saved to the following location: C:\Users\vivek\source\repos\FortuneProject\FortuneProject\Import Schema Logs\FortuneProject_20200415092259.log
4/15/2020 4:23:05 PM	Click Finish to continue...
